c:\users\daniil\source\repos\workwfft\workwfft\x64\debug\workwfft.pch
c:\users\daniil\source\repos\workwfft\workwfft\x64\debug\vc141.pdb
c:\users\daniil\source\repos\workwfft\workwfft\x64\debug\vc141.idb
c:\users\daniil\source\repos\workwfft\workwfft\x64\debug\stdafx.obj
c:\users\daniil\source\repos\workwfft\workwfft\x64\debug\ffth.obj
c:\users\daniil\source\repos\workwfft\workwfft\x64\debug\main.obj
c:\users\daniil\source\repos\workwfft\workwfft\x64\debug\samplecomplex.obj
c:\users\daniil\source\repos\workwfft\workwfft\x64\debug\workwfft.obj
c:\users\daniil\source\repos\workwfft\x64\debug\workwfft.exe
c:\users\daniil\source\repos\workwfft\x64\debug\workwfft.ilk
c:\users\daniil\source\repos\workwfft\x64\debug\workwfft.pdb
c:\users\daniil\source\repos\workwfft\workwfft\x64\debug\ffth.obj.enc
c:\users\daniil\source\repos\workwfft\workwfft\x64\debug\main.obj.enc
c:\users\daniil\source\repos\workwfft\workwfft\x64\debug\samplecomplex.obj.enc
c:\users\daniil\source\repos\workwfft\workwfft\x64\debug\workwfft.tlog\cl.command.1.tlog
c:\users\daniil\source\repos\workwfft\workwfft\x64\debug\workwfft.tlog\cl.read.1.tlog
c:\users\daniil\source\repos\workwfft\workwfft\x64\debug\workwfft.tlog\cl.write.1.tlog
c:\users\daniil\source\repos\workwfft\workwfft\x64\debug\workwfft.tlog\link.command.1.tlog
c:\users\daniil\source\repos\workwfft\workwfft\x64\debug\workwfft.tlog\link.read.1.tlog
c:\users\daniil\source\repos\workwfft\workwfft\x64\debug\workwfft.tlog\link.write.1.tlog
